Using pre-set license
Built from '2022.3/staging' branch; Version is '2022.3.3f1 (7cdc2969a641) revision 8182825'; Using compiler version '192829333'; Build Type 'Release'
OS: 'Windows 11  (10.0.22631) 64bit Professional' Language: 'es' Physical Memory: 16307 MB
BatchMode: 1, IsHumanControllingUs: 0, StartBugReporterOnCrash: 0, Is64bit: 1, IsPro: 1

COMMAND LINE ARGUMENTS:
C:\Program Files\Unity\Hub\Editor\2022.3.3f1\Editor\Unity.exe
-adb2
-batchMode
-noUpm
-name
AssetImportWorker2
-projectPath
C:/Users/Victor/Documents/GitHub/VS_Unity_2024
-logFile
Logs/AssetImportWorker2.log
-srvPort
62412
Successfully changed project path to: C:/Users/Victor/Documents/GitHub/VS_Unity_2024
C:/Users/Victor/Documents/GitHub/VS_Unity_2024
[UnityMemory] Configuration Parameters - Can be set up in boot.config
    "memorysetup-bucket-allocator-granularity=16"
    "memorysetup-bucket-allocator-bucket-count=8"
    "memorysetup-bucket-allocator-block-size=33554432"
    "memorysetup-bucket-allocator-block-count=8"
    "memorysetup-main-allocator-block-size=16777216"
    "memorysetup-thread-allocator-block-size=16777216"
    "memorysetup-gfx-main-allocator-block-size=16777216"
    "memorysetup-gfx-thread-allocator-block-size=16777216"
    "memorysetup-cache-allocator-block-size=4194304"
    "memorysetup-typetree-allocator-block-size=2097152"
    "memorysetup-profiler-bucket-allocator-granularity=16"
    "memorysetup-profiler-bucket-allocator-bucket-count=8"
    "memorysetup-profiler-bucket-allocator-block-size=33554432"
    "memorysetup-profiler-bucket-allocator-block-count=8"
    "memorysetup-profiler-allocator-block-size=16777216"
    "memorysetup-profiler-editor-allocator-block-size=1048576"
    "memorysetup-temp-allocator-size-main=16777216"
    "memorysetup-job-temp-allocator-block-size=2097152"
    "memorysetup-job-temp-allocator-block-size-background=1048576"
    "memorysetup-job-temp-allocator-reduction-small-platforms=262144"
    "memorysetup-allocator-temp-initial-block-size-main=262144"
    "memorysetup-allocator-temp-initial-block-size-worker=262144"
    "memorysetup-temp-allocator-size-background-worker=32768"
    "memorysetup-temp-allocator-size-job-worker=262144"
    "memorysetup-temp-allocator-size-preload-manager=33554432"
    "memorysetup-temp-allocator-size-nav-mesh-worker=65536"
    "memorysetup-temp-allocator-size-audio-worker=65536"
    "memorysetup-temp-allocator-size-cloud-worker=32768"
    "memorysetup-temp-allocator-size-gi-baking-worker=262144"
    "memorysetup-temp-allocator-size-gfx=262144"
Player connection [28372] Host "[IP] 192.168.1.80 [Port] 0 [Flags] 2 [Guid] 3327782873 [EditorId] 3327782873 [Version] 1048832 [Id] WindowsEditor(7,DESKTOP-SD5IQ2B) [Debug] 1 [PackageName] WindowsEditor [ProjectName] Editor" joined multi-casting on [225.0.0.222:54997]...

Player connection [28372] Host "[IP] 192.168.1.80 [Port] 0 [Flags] 2 [Guid] 3327782873 [EditorId] 3327782873 [Version] 1048832 [Id] WindowsEditor(7,DESKTOP-SD5IQ2B) [Debug] 1 [PackageName] WindowsEditor [ProjectName] Editor" joined alternative multi-casting on [225.0.0.222:34997]...

Refreshing native plugins compatible for Editor in 0.00 ms, found 0 plugins.
Preloading 0 native plugins for Editor in 0.00 ms.
Initialize engine version: 2022.3.3f1 (7cdc2969a641)
[Subsystems] Discovering subsystems at path C:/Program Files/Unity/Hub/Editor/2022.3.3f1/Editor/Data/Resources/UnitySubsystems
[Subsystems] Discovering subsystems at path C:/Users/Victor/Documents/GitHub/VS_Unity_2024/Assets
GfxDevice: creating device client; threaded=0; jobified=0
Direct3D:
    Version:  Direct3D 11.0 [level 11.1]
    Renderer: NVIDIA GeForce RTX 3050 (ID=0x2584)
    Vendor:   NVIDIA
    VRAM:     6002 MB
    Driver:   32.0.15.6094
Initialize mono
Mono path[0] = 'C:/Program Files/Unity/Hub/Editor/2022.3.3f1/Editor/Data/Managed'
Mono path[1] = 'C:/Program Files/Unity/Hub/Editor/2022.3.3f1/Editor/Data/MonoBleedingEdge/lib/mono/unityjit-win32'
Mono config path = 'C:/Program Files/Unity/Hub/Editor/2022.3.3f1/Editor/Data/MonoBleedingEdge/etc'
Using monoOptions --debugger-agent=transport=dt_socket,embedding=1,server=y,suspend=n,address=127.0.0.1:56456
Begin MonoManager ReloadAssembly
Registering precompiled unity dll's ...
Register platform support module: C:/Program Files/Unity/Hub/Editor/2022.3.3f1/Editor/Data/PlaybackEngines/WindowsStandaloneSupport/UnityEditor.WindowsStandalone.Extensions.dll
Register platform support module: C:/Program Files/Unity/Hub/Editor/2022.3.3f1/Editor/Data/PlaybackEngines/MetroSupport/UnityEditor.UWP.Extensions.dll
Registered in 0.005058 seconds.
- Loaded All Assemblies, in  0.234 seconds
Native extension for UWP target not found
Native extension for WindowsStandalone target not found
Mono: successfully reloaded assembly
- Finished resetting the current domain, in  0.188 seconds
Domain Reload Profiling: 421ms
	BeginReloadAssembly (60ms)
		ExecutionOrderSort (0ms)
		DisableScriptedObjects (0ms)
		BackupInstance (0ms)
		ReleaseScriptingObjects (0ms)
		CreateAndSetChildDomain (1ms)
	RebuildCommonClasses (24ms)
	RebuildNativeTypeToScriptingClass (8ms)
	initialDomainReloadingComplete (41ms)
	LoadAllAssembliesAndSetupDomain (99ms)
		LoadAssemblies (59ms)
		RebuildTransferFunctionScriptingTraits (0ms)
		AnalyzeDomain (95ms)
			TypeCache.Refresh (95ms)
				TypeCache.ScanAssembly (87ms)
			ScanForSourceGeneratedMonoScriptInfo (0ms)
			ResolveRequiredComponents (0ms)
	FinalizeReload (188ms)
		ReleaseScriptCaches (0ms)
		RebuildScriptCaches (0ms)
		SetupLoadedEditorAssemblies (147ms)
			LogAssemblyErrors (0ms)
			InitializePlatformSupportModulesInManaged (7ms)
			SetLoadedEditorAssemblies (4ms)
			RefreshPlugins (0ms)
			BeforeProcessingInitializeOnLoad (1ms)
			ProcessInitializeOnLoadAttributes (101ms)
			ProcessInitializeOnLoadMethodAttributes (34ms)
			AfterProcessingInitializeOnLoad (0ms)
			EditorAssembliesLoaded (0ms)
		ExecutionOrderSort2 (0ms)
		AwakeInstancesAfterBackupRestoration (0ms)
========================================================================
Worker process is ready to serve import requests
Begin MonoManager ReloadAssembly
- Loaded All Assemblies, in  0.262 seconds
Refreshing native plugins compatible for Editor in 0.00 ms, found 0 plugins.
Native extension for UWP target not found
Native extension for WindowsStandalone target not found
Mono: successfully reloaded assembly
- Finished resetting the current domain, in  0.311 seconds
Domain Reload Profiling: 573ms
	BeginReloadAssembly (89ms)
		ExecutionOrderSort (0ms)
		DisableScriptedObjects (5ms)
		BackupInstance (0ms)
		ReleaseScriptingObjects (0ms)
		CreateAndSetChildDomain (15ms)
	RebuildCommonClasses (24ms)
	RebuildNativeTypeToScriptingClass (8ms)
	initialDomainReloadingComplete (17ms)
	LoadAllAssembliesAndSetupDomain (123ms)
		LoadAssemblies (51ms)
		RebuildTransferFunctionScriptingTraits (0ms)
		AnalyzeDomain (114ms)
			TypeCache.Refresh (104ms)
				TypeCache.ScanAssembly (97ms)
			ScanForSourceGeneratedMonoScriptInfo (7ms)
			ResolveRequiredComponents (3ms)
	FinalizeReload (311ms)
		ReleaseScriptCaches (0ms)
		RebuildScriptCaches (0ms)
		SetupLoadedEditorAssemblies (197ms)
			LogAssemblyErrors (0ms)
			InitializePlatformSupportModulesInManaged (4ms)
			SetLoadedEditorAssemblies (3ms)
			RefreshPlugins (0ms)
			BeforeProcessingInitializeOnLoad (35ms)
			ProcessInitializeOnLoadAttributes (95ms)
			ProcessInitializeOnLoadMethodAttributes (54ms)
			AfterProcessingInitializeOnLoad (4ms)
			EditorAssembliesLoaded (0ms)
		ExecutionOrderSort2 (0ms)
		AwakeInstancesAfterBackupRestoration (4ms)
Launched and connected shader compiler UnityShaderCompiler.exe after 0.03 seconds
Refreshing native plugins compatible for Editor in 0.00 ms, found 0 plugins.
Preloading 0 native plugins for Editor in 0.00 ms.
Unloading 1487 Unused Serialized files (Serialized files now loaded: 0)
Unloading 33 unused Assets / (2.0 MB). Loaded Objects now: 1947.
Memory consumption went from 95.3 MB to 93.3 MB.
Total: 3.954800 ms (FindLiveObjects: 0.201200 ms CreateObjectMapping: 0.071200 ms MarkObjects: 3.066100 ms  DeleteObjects: 0.615400 ms)

AssetImportParameters requested are different than current active one (requested -> active):
  custom:video-encoder-webm-vp8: eb34c28f22e8b96e1ab97ce403110664 -> 
  custom:video-decoder-webm-vp8: 9c59270c3fd7afecdb556c50c9e8de78 -> 
  custom:audio-decoder-ogg-vorbis: bf7c407c2cedff20999df2af8eb42d56 -> 
  custom:container-demuxer-ogg: 62fdf1f143b41e24485cea50d1cbac27 -> 
  custom:AudioImporter_EditorPlatform: d09bf68614088b80899f8185d706f6e7 -> 
  custom:container-demuxer-webm: 4f35f7cbe854078d1ac9338744f61a02 -> 
  custom:video-codec-MediaFoundation-h265: 746d11721c4dcdbdad8f713fa42b33f4 -> 
  custom:video-decoder-ogg-theora: a1e56fd34408186e4bbccfd4996cb3dc -> 
  custom:audio-encoder-webm-vorbis: bf7c407c2cedff20999df2af8eb42d56 -> 
  custom:framework-win-MediaFoundation: 216162199b28c13a410421893ffa2e32 -> 
  custom:container-muxer-webm: aa71ff27fc2769a1b78a27578f13a17b -> 
========================================================================
Received Import Request.
  Time since last request: 320580.252862 seconds.
  path: Assets/LowPolyDungeons/Prefabs/Props/Bottle_08.prefab
  artifactKey: Guid(5169e0320ee03c24ea4d14df164e65d0) Importer(815301076,1909f56bfc062723c751e8b465ee728b)
Start importing Assets/LowPolyDungeons/Prefabs/Props/Bottle_08.prefab using Guid(5169e0320ee03c24ea4d14df164e65d0) Importer(815301076,1909f56bfc062723c751e8b465ee728b)  -> (artifact id: 'f135725a81cce8fff9dacf9fa952abb9') in 0.093256 seconds
Number of updated asset objects reloaded before import = 0
Number of asset objects unloaded after import = 10
========================================================================
Received Import Request.
  Time since last request: 0.184319 seconds.
  path: Assets/LowPolyDungeons/Prefabs/Props/Chain_01.prefab
  artifactKey: Guid(7f2b2d1eda669af45949aa5a2ad2efd3) Importer(815301076,1909f56bfc062723c751e8b465ee728b)
Start importing Assets/LowPolyDungeons/Prefabs/Props/Chain_01.prefab using Guid(7f2b2d1eda669af45949aa5a2ad2efd3) Importer(815301076,1909f56bfc062723c751e8b465ee728b)  -> (artifact id: 'b14842b385f5be4d161e8b5f9ba69f21') in 0.012389 seconds
Number of updated asset objects reloaded before import = 0
Number of asset objects unloaded after import = 10
========================================================================
Received Import Request.
  Time since last request: 0.000013 seconds.
  path: Assets/LowPolyDungeons/Prefabs/Props/Chair_06.prefab
  artifactKey: Guid(0b458c18149f2754abf52ea3f691de03) Importer(815301076,1909f56bfc062723c751e8b465ee728b)
Start importing Assets/LowPolyDungeons/Prefabs/Props/Chair_06.prefab using Guid(0b458c18149f2754abf52ea3f691de03) Importer(815301076,1909f56bfc062723c751e8b465ee728b)  -> (artifact id: 'd3e7f1565287f9cc832003640353b6e4') in 0.014262 seconds
Number of updated asset objects reloaded before import = 0
Number of asset objects unloaded after import = 10
========================================================================
Received Import Request.
  Time since last request: 0.000016 seconds.
  path: Assets/LowPolyDungeons/Prefabs/Props/Chair_02.prefab
  artifactKey: Guid(e9f7f73b83998cc48b242e35b5dd2fc5) Importer(815301076,1909f56bfc062723c751e8b465ee728b)
Start importing Assets/LowPolyDungeons/Prefabs/Props/Chair_02.prefab using Guid(e9f7f73b83998cc48b242e35b5dd2fc5) Importer(815301076,1909f56bfc062723c751e8b465ee728b)  -> (artifact id: 'dbef467a9101b889f6c285b7c794ad05') in 0.049358 seconds
Number of updated asset objects reloaded before import = 0
Number of asset objects unloaded after import = 10
========================================================================
Received Import Request.
  Time since last request: 0.000024 seconds.
  path: Assets/LowPolyDungeons/Prefabs/Props/Chair_05.prefab
  artifactKey: Guid(bd37217dd9236fe4faaccef83a7b6ee0) Importer(815301076,1909f56bfc062723c751e8b465ee728b)
Start importing Assets/LowPolyDungeons/Prefabs/Props/Chair_05.prefab using Guid(bd37217dd9236fe4faaccef83a7b6ee0) Importer(815301076,1909f56bfc062723c751e8b465ee728b)  -> (artifact id: '18072664fca67e106923f687bc640045') in 0.012254 seconds
Number of updated asset objects reloaded before import = 0
Number of asset objects unloaded after import = 10
========================================================================
Received Import Request.
  Time since last request: 0.777034 seconds.
  path: Assets/LowPolyDungeons/Prefabs/Props/Fire_01.prefab
  artifactKey: Guid(ac2db91ef5d17884eb5f99928c2e11d7) Importer(815301076,1909f56bfc062723c751e8b465ee728b)
Start importing Assets/LowPolyDungeons/Prefabs/Props/Fire_01.prefab using Guid(ac2db91ef5d17884eb5f99928c2e11d7) Importer(815301076,1909f56bfc062723c751e8b465ee728b)  -> (artifact id: 'bc13261bf7c888b95a7a6ad761c245c0') in 0.025267 seconds
Number of updated asset objects reloaded before import = 0
Number of asset objects unloaded after import = 10
========================================================================
Received Import Request.
  Time since last request: 0.000018 seconds.
  path: Assets/LowPolyDungeons/Prefabs/Props/Handcuffs_01.prefab
  artifactKey: Guid(046b38ce8d6333346814873361c65562) Importer(815301076,1909f56bfc062723c751e8b465ee728b)
Start importing Assets/LowPolyDungeons/Prefabs/Props/Handcuffs_01.prefab using Guid(046b38ce8d6333346814873361c65562) Importer(815301076,1909f56bfc062723c751e8b465ee728b)  -> (artifact id: 'e3f00fe5a63bde309fadfb5d26db1939') in 0.012791 seconds
Number of updated asset objects reloaded before import = 0
Number of asset objects unloaded after import = 10
========================================================================
Received Import Request.
  Time since last request: 0.000025 seconds.
  path: Assets/LowPolyDungeons/Prefabs/Props/Handcuffs_02.prefab
  artifactKey: Guid(afb7dc097faf4084886eb9c3da7a051f) Importer(815301076,1909f56bfc062723c751e8b465ee728b)
Start importing Assets/LowPolyDungeons/Prefabs/Props/Handcuffs_02.prefab using Guid(afb7dc097faf4084886eb9c3da7a051f) Importer(815301076,1909f56bfc062723c751e8b465ee728b)  -> (artifact id: 'c91313831631e0f61f840629ceffdea3') in 0.015740 seconds
Number of updated asset objects reloaded before import = 0
Number of asset objects unloaded after import = 22
========================================================================
Received Import Request.
  Time since last request: 0.000017 seconds.
  path: Assets/LowPolyDungeons/Prefabs/Props/Guillotine_01.prefab
  artifactKey: Guid(fd96634157f80ba428bcb6b378e23b7a) Importer(815301076,1909f56bfc062723c751e8b465ee728b)
Start importing Assets/LowPolyDungeons/Prefabs/Props/Guillotine_01.prefab using Guid(fd96634157f80ba428bcb6b378e23b7a) Importer(815301076,1909f56bfc062723c751e8b465ee728b)  -> (artifact id: '72f9a788b66568567cfdf4dcf76c0dc9') in 0.012895 seconds
Number of updated asset objects reloaded before import = 0
Number of asset objects unloaded after import = 10
========================================================================
Received Import Request.
  Time since last request: 0.000015 seconds.
  path: Assets/LowPolyDungeons/Prefabs/Props/Jug_08.prefab
  artifactKey: Guid(1c955c663e90940498d3b141dd9fd39a) Importer(815301076,1909f56bfc062723c751e8b465ee728b)
Start importing Assets/LowPolyDungeons/Prefabs/Props/Jug_08.prefab using Guid(1c955c663e90940498d3b141dd9fd39a) Importer(815301076,1909f56bfc062723c751e8b465ee728b)  -> (artifact id: '482fe0863b366d548c99e98e8aef7be3') in 0.012277 seconds
Number of updated asset objects reloaded before import = 0
Number of asset objects unloaded after import = 10
========================================================================
Received Import Request.
  Time since last request: 0.000014 seconds.
  path: Assets/LowPolyDungeons/Prefabs/Props/Jug_09.prefab
  artifactKey: Guid(7415248273a9d5d4796e5bcdc8ffeaf7) Importer(815301076,1909f56bfc062723c751e8b465ee728b)
Start importing Assets/LowPolyDungeons/Prefabs/Props/Jug_09.prefab using Guid(7415248273a9d5d4796e5bcdc8ffeaf7) Importer(815301076,1909f56bfc062723c751e8b465ee728b)  -> (artifact id: '56b06e9f72c88927582ffdb5446d536f') in 0.011448 seconds
Number of updated asset objects reloaded before import = 0
Number of asset objects unloaded after import = 10
========================================================================
Received Import Request.
  Time since last request: 0.000014 seconds.
  path: Assets/LowPolyDungeons/Prefabs/Props/Jug_02.prefab
  artifactKey: Guid(ff9e1348b94ef904ca90b06c8c3058f0) Importer(815301076,1909f56bfc062723c751e8b465ee728b)
Start importing Assets/LowPolyDungeons/Prefabs/Props/Jug_02.prefab using Guid(ff9e1348b94ef904ca90b06c8c3058f0) Importer(815301076,1909f56bfc062723c751e8b465ee728b)  -> (artifact id: '88e553b37f3d93ca2421afab265de276') in 0.011598 seconds
Number of updated asset objects reloaded before import = 0
Number of asset objects unloaded after import = 10
========================================================================
Received Import Request.
  Time since last request: 2.368089 seconds.
  path: Assets/LowPolyDungeons/Prefabs/Props/Library_01.prefab
  artifactKey: Guid(09e3299bb2f269e4bbd8946247308a73) Importer(815301076,1909f56bfc062723c751e8b465ee728b)
Start importing Assets/LowPolyDungeons/Prefabs/Props/Library_01.prefab using Guid(09e3299bb2f269e4bbd8946247308a73) Importer(815301076,1909f56bfc062723c751e8b465ee728b)  -> (artifact id: '68c2fb9de9c54f0f55d6f4918719fd86') in 0.047316 seconds
Number of updated asset objects reloaded before import = 0
Number of asset objects unloaded after import = 10
========================================================================
Received Import Request.
  Time since last request: 0.000015 seconds.
  path: Assets/LowPolyDungeons/Prefabs/Props/LibraryWithBooks_03.prefab
  artifactKey: Guid(714a01a37c57c71479c42f7471472216) Importer(815301076,1909f56bfc062723c751e8b465ee728b)
Start importing Assets/LowPolyDungeons/Prefabs/Props/LibraryWithBooks_03.prefab using Guid(714a01a37c57c71479c42f7471472216) Importer(815301076,1909f56bfc062723c751e8b465ee728b)  -> (artifact id: 'eb627f79cc170ee789283a262e7c98a5') in 0.047024 seconds
Number of updated asset objects reloaded before import = 0
Number of asset objects unloaded after import = 190
========================================================================
Received Import Request.
  Time since last request: 0.000023 seconds.
  path: Assets/LowPolyDungeons/Prefabs/Props/Library_05.prefab
  artifactKey: Guid(f8d2ba6bff6c4ac4e8b47182c27ebc03) Importer(815301076,1909f56bfc062723c751e8b465ee728b)
Start importing Assets/LowPolyDungeons/Prefabs/Props/Library_05.prefab using Guid(f8d2ba6bff6c4ac4e8b47182c27ebc03) Importer(815301076,1909f56bfc062723c751e8b465ee728b)  -> (artifact id: '4563a94c52dd66cf6b39d8fab4f5ee1e') in 0.044374 seconds
Number of updated asset objects reloaded before import = 0
Number of asset objects unloaded after import = 10
========================================================================
Received Import Request.
  Time since last request: 0.305346 seconds.
  path: Assets/LowPolyDungeons/Prefabs/Props/Light_01.prefab
  artifactKey: Guid(c25a5e308b3765f4789dcd9426ef1f1b) Importer(815301076,1909f56bfc062723c751e8b465ee728b)
Start importing Assets/LowPolyDungeons/Prefabs/Props/Light_01.prefab using Guid(c25a5e308b3765f4789dcd9426ef1f1b) Importer(815301076,1909f56bfc062723c751e8b465ee728b)  -> (artifact id: 'ab7f17c477bb281c497895bf68ddce1b') in 0.012278 seconds
Number of updated asset objects reloaded before import = 0
Number of asset objects unloaded after import = 10
========================================================================
Received Import Request.
  Time since last request: 0.000011 seconds.
  path: Assets/LowPolyDungeons/Prefabs/Props/Light_09.prefab
  artifactKey: Guid(edffb633eff8b8241812350dc299d925) Importer(815301076,1909f56bfc062723c751e8b465ee728b)
Start importing Assets/LowPolyDungeons/Prefabs/Props/Light_09.prefab using Guid(edffb633eff8b8241812350dc299d925) Importer(815301076,1909f56bfc062723c751e8b465ee728b)  -> (artifact id: '7e2e3743fc342b06cc5f764a3e2baba5') in 0.012674 seconds
Number of updated asset objects reloaded before import = 0
Number of asset objects unloaded after import = 11
========================================================================
Received Import Request.
  Time since last request: 0.000012 seconds.
  path: Assets/LowPolyDungeons/Prefabs/Props/LightPart_01.prefab
  artifactKey: Guid(d3069066271f03e4db5aa12f01c9a76b) Importer(815301076,1909f56bfc062723c751e8b465ee728b)
Start importing Assets/LowPolyDungeons/Prefabs/Props/LightPart_01.prefab using Guid(d3069066271f03e4db5aa12f01c9a76b) Importer(815301076,1909f56bfc062723c751e8b465ee728b)  -> (artifact id: '6e28cb343e2b4884d6792645041d4ea2') in 0.048657 seconds
Number of updated asset objects reloaded before import = 0
Number of asset objects unloaded after import = 10
========================================================================
Received Import Request.
  Time since last request: 2.275269 seconds.
  path: Assets/LowPolyDungeons/Prefabs/Props/Pot_01.prefab
  artifactKey: Guid(ddd57d2b3f671e24dad00d55bc2f70f3) Importer(815301076,1909f56bfc062723c751e8b465ee728b)
Start importing Assets/LowPolyDungeons/Prefabs/Props/Pot_01.prefab using Guid(ddd57d2b3f671e24dad00d55bc2f70f3) Importer(815301076,1909f56bfc062723c751e8b465ee728b)  -> (artifact id: '4849fb1e9bd19496904d13bb73c89298') in 0.013644 seconds
Number of updated asset objects reloaded before import = 0
Number of asset objects unloaded after import = 10
========================================================================
Received Import Request.
  Time since last request: 0.000011 seconds.
  path: Assets/LowPolyDungeons/Prefabs/Props/Skull.prefab
  artifactKey: Guid(c3f2ddc52eeb7e84cb339ad10597ab01) Importer(815301076,1909f56bfc062723c751e8b465ee728b)
Start importing Assets/LowPolyDungeons/Prefabs/Props/Skull.prefab using Guid(c3f2ddc52eeb7e84cb339ad10597ab01) Importer(815301076,1909f56bfc062723c751e8b465ee728b)  -> (artifact id: 'c3e6f106ff15fbb15436e98786aabc68') in 0.011071 seconds
Number of updated asset objects reloaded before import = 0
Number of asset objects unloaded after import = 10
========================================================================
Received Import Request.
  Time since last request: 0.000015 seconds.
  path: Assets/LowPolyDungeons/Prefabs/Props/SpiderWeb_01.prefab
  artifactKey: Guid(4a6dce8f59bd6fa42bbe1f2b65b4e738) Importer(815301076,1909f56bfc062723c751e8b465ee728b)
Start importing Assets/LowPolyDungeons/Prefabs/Props/SpiderWeb_01.prefab using Guid(4a6dce8f59bd6fa42bbe1f2b65b4e738) Importer(815301076,1909f56bfc062723c751e8b465ee728b)  -> (artifact id: '349ae9e1c8e289eb210a4a1a2c367cb2') in 0.012590 seconds
Number of updated asset objects reloaded before import = 0
Number of asset objects unloaded after import = 10
========================================================================
Received Import Request.
  Time since last request: 0.030542 seconds.
  path: Assets/LowPolyDungeons/Prefabs/Props/Throne_01.prefab
  artifactKey: Guid(2adadb199ba7aeb4d991ed21ca3137bd) Importer(815301076,1909f56bfc062723c751e8b465ee728b)
Start importing Assets/LowPolyDungeons/Prefabs/Props/Throne_01.prefab using Guid(2adadb199ba7aeb4d991ed21ca3137bd) Importer(815301076,1909f56bfc062723c751e8b465ee728b)  -> (artifact id: 'e53c796a6c12a26a1ac28176b982b39f') in 0.010911 seconds
Number of updated asset objects reloaded before import = 0
Number of asset objects unloaded after import = 10
========================================================================
Received Import Request.
  Time since last request: 0.000011 seconds.
  path: Assets/LowPolyDungeons/Prefabs/Props/WallDecor_03.prefab
  artifactKey: Guid(30030efaf3f7fc84eb295fe3f1079c1f) Importer(815301076,1909f56bfc062723c751e8b465ee728b)
Start importing Assets/LowPolyDungeons/Prefabs/Props/WallDecor_03.prefab using Guid(30030efaf3f7fc84eb295fe3f1079c1f) Importer(815301076,1909f56bfc062723c751e8b465ee728b)  -> (artifact id: 'd0c6343fe5567c776d23b575c86f1d72') in 0.009933 seconds
Number of updated asset objects reloaded before import = 0
Number of asset objects unloaded after import = 10
========================================================================
Received Import Request.
  Time since last request: 0.000012 seconds.
  path: Assets/LowPolyDungeons/Prefabs/Props/WallDecor_07.prefab
  artifactKey: Guid(3c8dde0c0d4ae5d4a9db4109fb29c5ea) Importer(815301076,1909f56bfc062723c751e8b465ee728b)
Start importing Assets/LowPolyDungeons/Prefabs/Props/WallDecor_07.prefab using Guid(3c8dde0c0d4ae5d4a9db4109fb29c5ea) Importer(815301076,1909f56bfc062723c751e8b465ee728b)  -> (artifact id: '1c07f4486e2ce744937d791c665f9f49') in 0.011304 seconds
Number of updated asset objects reloaded before import = 0
Number of asset objects unloaded after import = 10
========================================================================
Received Import Request.
  Time since last request: 0.000012 seconds.
  path: Assets/LowPolyDungeons/Prefabs/Props/WallDecor_05.prefab
  artifactKey: Guid(62beeee3cc165eb42a2b74f68c34160c) Importer(815301076,1909f56bfc062723c751e8b465ee728b)
Start importing Assets/LowPolyDungeons/Prefabs/Props/WallDecor_05.prefab using Guid(62beeee3cc165eb42a2b74f68c34160c) Importer(815301076,1909f56bfc062723c751e8b465ee728b)  -> (artifact id: '25a3796911fbe05e063e52a11d2dd6cf') in 0.010761 seconds
Number of updated asset objects reloaded before import = 0
Number of asset objects unloaded after import = 10
========================================================================
Received Import Request.
  Time since last request: 3.113171 seconds.
  path: Assets/LowPolyDungeons/Prefabs/Props/WallDecor_09.prefab
  artifactKey: Guid(a80eff1c238a69e49ae7fdc811d3d1b1) Importer(815301076,1909f56bfc062723c751e8b465ee728b)
Start importing Assets/LowPolyDungeons/Prefabs/Props/WallDecor_09.prefab using Guid(a80eff1c238a69e49ae7fdc811d3d1b1) Importer(815301076,1909f56bfc062723c751e8b465ee728b)  -> (artifact id: 'eb792291216a42526012827cc22c0f24') in 0.093866 seconds
Number of updated asset objects reloaded before import = 0
Number of asset objects unloaded after import = 10
========================================================================
Received Import Request.
  Time since last request: 0.000012 seconds.
  path: Assets/LowPolyDungeons/Prefabs/Props/WallDecor_12.prefab
  artifactKey: Guid(c373777744b1c564fa9f70fd7716b818) Importer(815301076,1909f56bfc062723c751e8b465ee728b)
Start importing Assets/LowPolyDungeons/Prefabs/Props/WallDecor_12.prefab using Guid(c373777744b1c564fa9f70fd7716b818) Importer(815301076,1909f56bfc062723c751e8b465ee728b)  -> (artifact id: '6dcacb8689977217516fa71206322145') in 0.058574 seconds
Number of updated asset objects reloaded before import = 0
Number of asset objects unloaded after import = 10
========================================================================
Received Import Request.
  Time since last request: 17.492076 seconds.
  path: Assets/LowPolyDungeons/Prefabs/Gold
  artifactKey: Guid(869a8b866d0faa542bfd170860278b44) Importer(815301076,1909f56bfc062723c751e8b465ee728b)
Start importing Assets/LowPolyDungeons/Prefabs/Gold using Guid(869a8b866d0faa542bfd170860278b44) Importer(815301076,1909f56bfc062723c751e8b465ee728b)  -> (artifact id: 'a96aa2b28bbf5a2a2cf852664620eb67') in 0.000433 seconds
Number of updated asset objects reloaded before import = 0
Number of asset objects unloaded after import = 0
========================================================================
Received Import Request.
  Time since last request: 0.046324 seconds.
  path: Assets/LowPolyDungeons/Prefabs/Gold/Chest_01.prefab
  artifactKey: Guid(51f7a22a45406964c8a6a01ce9c5bf76) Importer(815301076,1909f56bfc062723c751e8b465ee728b)
Start importing Assets/LowPolyDungeons/Prefabs/Gold/Chest_01.prefab using Guid(51f7a22a45406964c8a6a01ce9c5bf76) Importer(815301076,1909f56bfc062723c751e8b465ee728b)  -> (artifact id: '8d6a2af4915d4b731827f67a5083a6b0') in 0.047092 seconds
Number of updated asset objects reloaded before import = 0
Number of asset objects unloaded after import = 30
========================================================================
Received Import Request.
  Time since last request: 0.000010 seconds.
  path: Assets/LowPolyDungeons/Prefabs/Gold/Coin_02.prefab
  artifactKey: Guid(93f65a902ba32e14cb4ea3272a978b66) Importer(815301076,1909f56bfc062723c751e8b465ee728b)
Start importing Assets/LowPolyDungeons/Prefabs/Gold/Coin_02.prefab using Guid(93f65a902ba32e14cb4ea3272a978b66) Importer(815301076,1909f56bfc062723c751e8b465ee728b)  -> (artifact id: '76d344624bd7de4ac69af139ee3e91ca') in 0.040949 seconds
Number of updated asset objects reloaded before import = 0
Number of asset objects unloaded after import = 10
========================================================================
Received Import Request.
  Time since last request: 0.000013 seconds.
  path: Assets/LowPolyDungeons/Prefabs/Gold/Crystal_03.prefab
  artifactKey: Guid(7f2ce93b5248a1a4fb41b5b8d004be92) Importer(815301076,1909f56bfc062723c751e8b465ee728b)
Start importing Assets/LowPolyDungeons/Prefabs/Gold/Crystal_03.prefab using Guid(7f2ce93b5248a1a4fb41b5b8d004be92) Importer(815301076,1909f56bfc062723c751e8b465ee728b)  -> (artifact id: '385290e83efe6f0768c26678b37c4e6e') in 0.048449 seconds
Number of updated asset objects reloaded before import = 0
Number of asset objects unloaded after import = 10
========================================================================
Received Import Request.
  Time since last request: 0.000021 seconds.
  path: Assets/LowPolyDungeons/Prefabs/Gold/Key.prefab
  artifactKey: Guid(da9f90ac9d94a8649aa9479c8b62b155) Importer(815301076,1909f56bfc062723c751e8b465ee728b)
Start importing Assets/LowPolyDungeons/Prefabs/Gold/Key.prefab using Guid(da9f90ac9d94a8649aa9479c8b62b155) Importer(815301076,1909f56bfc062723c751e8b465ee728b)  -> (artifact id: '2e4163c08ff111f6b23b1bb5c0d8497b') in 0.014921 seconds
Number of updated asset objects reloaded before import = 0
Number of asset objects unloaded after import = 10
========================================================================
Received Import Request.
  Time since last request: 0.000013 seconds.
  path: Assets/LowPolyDungeons/Prefabs/Gold/Crown_01.prefab
  artifactKey: Guid(462744d4504c94f40890a6592a874f48) Importer(815301076,1909f56bfc062723c751e8b465ee728b)
Start importing Assets/LowPolyDungeons/Prefabs/Gold/Crown_01.prefab using Guid(462744d4504c94f40890a6592a874f48) Importer(815301076,1909f56bfc062723c751e8b465ee728b)  -> (artifact id: '941fa1073d2477b831dbf53b3cf2dc5c') in 0.049461 seconds
Number of updated asset objects reloaded before import = 0
Number of asset objects unloaded after import = 10
========================================================================
Received Import Request.
  Time since last request: 0.000013 seconds.
  path: Assets/LowPolyDungeons/Prefabs/Gold/Crystal_06.prefab
  artifactKey: Guid(ef36fe1544d74d74e9fc870a473eea39) Importer(815301076,1909f56bfc062723c751e8b465ee728b)
Start importing Assets/LowPolyDungeons/Prefabs/Gold/Crystal_06.prefab using Guid(ef36fe1544d74d74e9fc870a473eea39) Importer(815301076,1909f56bfc062723c751e8b465ee728b)  -> (artifact id: 'f6dbff7d2d6385be7cd69f7d71b1868c') in 0.045406 seconds
Number of updated asset objects reloaded before import = 0
Number of asset objects unloaded after import = 10
========================================================================
Received Import Request.
  Time since last request: 0.000015 seconds.
  path: Assets/LowPolyDungeons/Prefabs/Gold/Diamond_02.prefab
  artifactKey: Guid(7208fbcef2b46784daf83255ae345618) Importer(815301076,1909f56bfc062723c751e8b465ee728b)
Start importing Assets/LowPolyDungeons/Prefabs/Gold/Diamond_02.prefab using Guid(7208fbcef2b46784daf83255ae345618) Importer(815301076,1909f56bfc062723c751e8b465ee728b)  -> (artifact id: '3312a178381e3365ff6a0e5865c4763c') in 0.013331 seconds
Number of updated asset objects reloaded before import = 0
Number of asset objects unloaded after import = 10
========================================================================
Received Import Request.
  Time since last request: 0.000013 seconds.
  path: Assets/LowPolyDungeons/Prefabs/Gold/Diamond_03.prefab
  artifactKey: Guid(bb49e5307babedb4bbdc0a8115c76b71) Importer(815301076,1909f56bfc062723c751e8b465ee728b)
Start importing Assets/LowPolyDungeons/Prefabs/Gold/Diamond_03.prefab using Guid(bb49e5307babedb4bbdc0a8115c76b71) Importer(815301076,1909f56bfc062723c751e8b465ee728b)  -> (artifact id: 'd3de07ad0c25eb6d6b5c2fced7c8be53') in 0.011795 seconds
Number of updated asset objects reloaded before import = 0
Number of asset objects unloaded after import = 10
========================================================================
Received Import Request.
  Time since last request: 24.310740 seconds.
  path: Assets/LowPolyDungeons/Prefabs/Dungeon
  artifactKey: Guid(a5a89186547daf940a72c768772a991c) Importer(815301076,1909f56bfc062723c751e8b465ee728b)
Start importing Assets/LowPolyDungeons/Prefabs/Dungeon using Guid(a5a89186547daf940a72c768772a991c) Importer(815301076,1909f56bfc062723c751e8b465ee728b)  -> (artifact id: '89dae3dcddac4eadf78fb03b322d65b5') in 0.000399 seconds
Number of updated asset objects reloaded before import = 0
Number of asset objects unloaded after import = 0
========================================================================
Received Import Request.
  Time since last request: 1.143606 seconds.
  path: Assets/LowPolyDungeons/Prefabs/Dungeon/Arena_01.prefab
  artifactKey: Guid(b236219772623334297e0540b4983177) Importer(815301076,1909f56bfc062723c751e8b465ee728b)
Start importing Assets/LowPolyDungeons/Prefabs/Dungeon/Arena_01.prefab using Guid(b236219772623334297e0540b4983177) Importer(815301076,1909f56bfc062723c751e8b465ee728b)  -> (artifact id: 'a5548851e3a11f96b95b4b54b9f98f59') in 0.013773 seconds
Number of updated asset objects reloaded before import = 0
Number of asset objects unloaded after import = 10
========================================================================
Received Import Request.
  Time since last request: 0.000013 seconds.
  path: Assets/LowPolyDungeons/Prefabs/Dungeon/Ground_15.prefab
  artifactKey: Guid(ea72cb966f8a11a47a81d76240e91a3d) Importer(815301076,1909f56bfc062723c751e8b465ee728b)
Start importing Assets/LowPolyDungeons/Prefabs/Dungeon/Ground_15.prefab using Guid(ea72cb966f8a11a47a81d76240e91a3d) Importer(815301076,1909f56bfc062723c751e8b465ee728b)  -> (artifact id: '2c0897854b20dd181e6e4ebfc9ae1998') in 0.012288 seconds
Number of updated asset objects reloaded before import = 0
Number of asset objects unloaded after import = 10
========================================================================
Received Import Request.
  Time since last request: 0.000013 seconds.
  path: Assets/LowPolyDungeons/Prefabs/Dungeon/Column_08.prefab
  artifactKey: Guid(413fa6f9b7d355443a955edd94bc850d) Importer(815301076,1909f56bfc062723c751e8b465ee728b)
Start importing Assets/LowPolyDungeons/Prefabs/Dungeon/Column_08.prefab using Guid(413fa6f9b7d355443a955edd94bc850d) Importer(815301076,1909f56bfc062723c751e8b465ee728b)  -> (artifact id: '20fb634a0c7f3cb660993800a9c0aad0') in 0.012338 seconds
Number of updated asset objects reloaded before import = 0
Number of asset objects unloaded after import = 10
========================================================================
Received Import Request.
  Time since last request: 0.000012 seconds.
  path: Assets/LowPolyDungeons/Prefabs/Dungeon/Ground_05.prefab
  artifactKey: Guid(87e2a079dac43ff418ca1f426c71f84d) Importer(815301076,1909f56bfc062723c751e8b465ee728b)
Start importing Assets/LowPolyDungeons/Prefabs/Dungeon/Ground_05.prefab using Guid(87e2a079dac43ff418ca1f426c71f84d) Importer(815301076,1909f56bfc062723c751e8b465ee728b)  -> (artifact id: '20e3ca1ae0d75d86a2869eaf84c9a192') in 0.011267 seconds
Number of updated asset objects reloaded before import = 0
Number of asset objects unloaded after import = 10
========================================================================
Received Import Request.
  Time since last request: 0.000013 seconds.
  path: Assets/LowPolyDungeons/Prefabs/Dungeon/Door_04.prefab
  artifactKey: Guid(1dcf7a0c9273f4a43b7ccdef72cfb0a3) Importer(815301076,1909f56bfc062723c751e8b465ee728b)
Start importing Assets/LowPolyDungeons/Prefabs/Dungeon/Door_04.prefab using Guid(1dcf7a0c9273f4a43b7ccdef72cfb0a3) Importer(815301076,1909f56bfc062723c751e8b465ee728b)  -> (artifact id: 'd42b21b573c99ef06038ed79ab0ea1da') in 0.012793 seconds
Number of updated asset objects reloaded before import = 0
Number of asset objects unloaded after import = 10
========================================================================
Received Import Request.
  Time since last request: 0.000014 seconds.
  path: Assets/LowPolyDungeons/Prefabs/Dungeon/Door_03_2.prefab
  artifactKey: Guid(496413c304de9d2439f02e0d4121f770) Importer(815301076,1909f56bfc062723c751e8b465ee728b)
Start importing Assets/LowPolyDungeons/Prefabs/Dungeon/Door_03_2.prefab using Guid(496413c304de9d2439f02e0d4121f770) Importer(815301076,1909f56bfc062723c751e8b465ee728b)  -> (artifact id: '0ec37d1594f5782b25abc8f26001937c') in 0.011052 seconds
Number of updated asset objects reloaded before import = 0
Number of asset objects unloaded after import = 46
========================================================================
Received Import Request.
  Time since last request: 0.000013 seconds.
  path: Assets/LowPolyDungeons/Prefabs/Dungeon/Ground_08.prefab
  artifactKey: Guid(d646a42b4a8e85c439548a50e76bb3ed) Importer(815301076,1909f56bfc062723c751e8b465ee728b)
Start importing Assets/LowPolyDungeons/Prefabs/Dungeon/Ground_08.prefab using Guid(d646a42b4a8e85c439548a50e76bb3ed) Importer(815301076,1909f56bfc062723c751e8b465ee728b)  -> (artifact id: '3d6c1ad9e0b75e9ad4e17749ff269776') in 0.011886 seconds
Number of updated asset objects reloaded before import = 0
Number of asset objects unloaded after import = 10
========================================================================
Received Import Request.
  Time since last request: 0.000013 seconds.
  path: Assets/LowPolyDungeons/Prefabs/Dungeon/Column_05.prefab
  artifactKey: Guid(e2a85919981d503409e8ed76f2a7aeba) Importer(815301076,1909f56bfc062723c751e8b465ee728b)
Start importing Assets/LowPolyDungeons/Prefabs/Dungeon/Column_05.prefab using Guid(e2a85919981d503409e8ed76f2a7aeba) Importer(815301076,1909f56bfc062723c751e8b465ee728b)  -> (artifact id: '8ca0ecc2206edbe88e80b4e1b1ac1d5b') in 0.011264 seconds
Number of updated asset objects reloaded before import = 0
Number of asset objects unloaded after import = 10
========================================================================
Received Import Request.
  Time since last request: 0.000013 seconds.
  path: Assets/LowPolyDungeons/Prefabs/Dungeon/Mobile_Wall_04.prefab
  artifactKey: Guid(b8de603e89b92b24692033eb75a6095b) Importer(815301076,1909f56bfc062723c751e8b465ee728b)
Start importing Assets/LowPolyDungeons/Prefabs/Dungeon/Mobile_Wall_04.prefab using Guid(b8de603e89b92b24692033eb75a6095b) Importer(815301076,1909f56bfc062723c751e8b465ee728b)  -> (artifact id: '8632b984874f7578b1c8ea8144f99445') in 0.011545 seconds
Number of updated asset objects reloaded before import = 0
Number of asset objects unloaded after import = 10
========================================================================
Received Import Request.
  Time since last request: 0.000012 seconds.
  path: Assets/LowPolyDungeons/Prefabs/Dungeon/Bridge_02.prefab
  artifactKey: Guid(1153e64d5ff672d4cb895ccf3da9c3ef) Importer(815301076,1909f56bfc062723c751e8b465ee728b)
Start importing Assets/LowPolyDungeons/Prefabs/Dungeon/Bridge_02.prefab using Guid(1153e64d5ff672d4cb895ccf3da9c3ef) Importer(815301076,1909f56bfc062723c751e8b465ee728b)  -> (artifact id: '1f4344d9f5022e5127c5258940039a31') in 0.012303 seconds
Number of updated asset objects reloaded before import = 0
Number of asset objects unloaded after import = 10
========================================================================
Received Import Request.
  Time since last request: 0.000011 seconds.
  path: Assets/LowPolyDungeons/Prefabs/Dungeon/Ground_11.prefab
  artifactKey: Guid(40d47deaca22b9e4cbe24ddd6fc02670) Importer(815301076,1909f56bfc062723c751e8b465ee728b)
Start importing Assets/LowPolyDungeons/Prefabs/Dungeon/Ground_11.prefab using Guid(40d47deaca22b9e4cbe24ddd6fc02670) Importer(815301076,1909f56bfc062723c751e8b465ee728b)  -> (artifact id: '53cc4b11e64d998f8039b9c2774f08c9') in 0.012404 seconds
Number of updated asset objects reloaded before import = 0
Number of asset objects unloaded after import = 10
========================================================================
Received Import Request.
  Time since last request: 0.000013 seconds.
  path: Assets/LowPolyDungeons/Prefabs/Dungeon/MetalWall_01.prefab
  artifactKey: Guid(42152f05150e2294eac81abcd97634e2) Importer(815301076,1909f56bfc062723c751e8b465ee728b)
Start importing Assets/LowPolyDungeons/Prefabs/Dungeon/MetalWall_01.prefab using Guid(42152f05150e2294eac81abcd97634e2) Importer(815301076,1909f56bfc062723c751e8b465ee728b)  -> (artifact id: '1eef61eeba8554e538a93bad6bc73da8') in 0.011381 seconds
Number of updated asset objects reloaded before import = 0
Number of asset objects unloaded after import = 10
========================================================================
Received Import Request.
  Time since last request: 0.000015 seconds.
  path: Assets/LowPolyDungeons/Prefabs/Dungeon/Ground_14.prefab
  artifactKey: Guid(edf30fd4df9ef1b44a1cf42f06248129) Importer(815301076,1909f56bfc062723c751e8b465ee728b)
Start importing Assets/LowPolyDungeons/Prefabs/Dungeon/Ground_14.prefab using Guid(edf30fd4df9ef1b44a1cf42f06248129) Importer(815301076,1909f56bfc062723c751e8b465ee728b)  -> (artifact id: 'a8d9c0e83330123d7e519f03cd884e0a') in 0.011332 seconds
Number of updated asset objects reloaded before import = 0
Number of asset objects unloaded after import = 10
========================================================================
Received Import Request.
  Time since last request: 0.000012 seconds.
  path: Assets/LowPolyDungeons/Prefabs/Dungeon/Ground_12.prefab
  artifactKey: Guid(bcc59605049cf8a4995bf79279008c08) Importer(815301076,1909f56bfc062723c751e8b465ee728b)
Start importing Assets/LowPolyDungeons/Prefabs/Dungeon/Ground_12.prefab using Guid(bcc59605049cf8a4995bf79279008c08) Importer(815301076,1909f56bfc062723c751e8b465ee728b)  -> (artifact id: '61a48e0b65df46b02e0c6d313b9d7b37') in 0.012044 seconds
Number of updated asset objects reloaded before import = 0
Number of asset objects unloaded after import = 10
========================================================================
Received Import Request.
  Time since last request: 0.000016 seconds.
  path: Assets/LowPolyDungeons/Prefabs/Dungeon/Ground_06.prefab
  artifactKey: Guid(5035294e597987445a2252709e8007b1) Importer(815301076,1909f56bfc062723c751e8b465ee728b)
Start importing Assets/LowPolyDungeons/Prefabs/Dungeon/Ground_06.prefab using Guid(5035294e597987445a2252709e8007b1) Importer(815301076,1909f56bfc062723c751e8b465ee728b)  -> (artifact id: '8fa561a37497b9d7a69812ab56527e95') in 0.011813 seconds
Number of updated asset objects reloaded before import = 0
Number of asset objects unloaded after import = 10
========================================================================
Received Import Request.
  Time since last request: 0.000022 seconds.
  path: Assets/LowPolyDungeons/Prefabs/Dungeon/Ground_10.prefab
  artifactKey: Guid(0f9515d14eddb8d438f5bb8d62e2bb26) Importer(815301076,1909f56bfc062723c751e8b465ee728b)
Start importing Assets/LowPolyDungeons/Prefabs/Dungeon/Ground_10.prefab using Guid(0f9515d14eddb8d438f5bb8d62e2bb26) Importer(815301076,1909f56bfc062723c751e8b465ee728b)  -> (artifact id: '4315df959d7c3fd8d63ef315dad36044') in 0.011570 seconds
Number of updated asset objects reloaded before import = 0
Number of asset objects unloaded after import = 10
========================================================================
Received Import Request.
  Time since last request: 0.000012 seconds.
  path: Assets/LowPolyDungeons/Prefabs/Dungeon/Column_03.prefab
  artifactKey: Guid(c6999de7e22f7a54ebac659205e88c4d) Importer(815301076,1909f56bfc062723c751e8b465ee728b)
Start importing Assets/LowPolyDungeons/Prefabs/Dungeon/Column_03.prefab using Guid(c6999de7e22f7a54ebac659205e88c4d) Importer(815301076,1909f56bfc062723c751e8b465ee728b)  -> (artifact id: '0e6140b947165c46420ac0217b7a65f2') in 0.011211 seconds
Number of updated asset objects reloaded before import = 0
Number of asset objects unloaded after import = 10
========================================================================
Received Import Request.
  Time since last request: 2.073682 seconds.
  path: Assets/LowPolyDungeons/Prefabs/Dungeon/Mobile_Wall_09.prefab
  artifactKey: Guid(06ae1e7fb40a1f144a36aac927427fbd) Importer(815301076,1909f56bfc062723c751e8b465ee728b)
Start importing Assets/LowPolyDungeons/Prefabs/Dungeon/Mobile_Wall_09.prefab using Guid(06ae1e7fb40a1f144a36aac927427fbd) Importer(815301076,1909f56bfc062723c751e8b465ee728b)  -> (artifact id: '4306064f957cc33cc328252f29239fc0') in 0.013344 seconds
Number of updated asset objects reloaded before import = 0
Number of asset objects unloaded after import = 10
========================================================================
Received Import Request.
  Time since last request: 0.000013 seconds.
  path: Assets/LowPolyDungeons/Prefabs/Dungeon/Mud_05.prefab
  artifactKey: Guid(6fa39378f11b06d45b4bdf0dc9e319b2) Importer(815301076,1909f56bfc062723c751e8b465ee728b)
Start importing Assets/LowPolyDungeons/Prefabs/Dungeon/Mud_05.prefab using Guid(6fa39378f11b06d45b4bdf0dc9e319b2) Importer(815301076,1909f56bfc062723c751e8b465ee728b)  -> (artifact id: '5774e250a3216e34fa629c2ac8d1aa20') in 0.048717 seconds
Number of updated asset objects reloaded before import = 0
Number of asset objects unloaded after import = 10
========================================================================
Received Import Request.
  Time since last request: 0.000012 seconds.
  path: Assets/LowPolyDungeons/Prefabs/Dungeon/Stairs_03.prefab
  artifactKey: Guid(b60762046a9d05a4bbc56c7b385f41fe) Importer(815301076,1909f56bfc062723c751e8b465ee728b)
Start importing Assets/LowPolyDungeons/Prefabs/Dungeon/Stairs_03.prefab using Guid(b60762046a9d05a4bbc56c7b385f41fe) Importer(815301076,1909f56bfc062723c751e8b465ee728b)  -> (artifact id: 'ad9cb4825dd87f9aae7bfa2f46285cb2') in 0.015565 seconds
Number of updated asset objects reloaded before import = 0
Number of asset objects unloaded after import = 10
========================================================================
Received Import Request.
  Time since last request: 0.839298 seconds.
  path: Assets/LowPolyDungeons/Prefabs/Dungeon/Stairs_04.prefab
  artifactKey: Guid(92a7c2936f466dd439d8bafd0a4096c6) Importer(815301076,1909f56bfc062723c751e8b465ee728b)
Start importing Assets/LowPolyDungeons/Prefabs/Dungeon/Stairs_04.prefab using Guid(92a7c2936f466dd439d8bafd0a4096c6) Importer(815301076,1909f56bfc062723c751e8b465ee728b)  -> (artifact id: '33350e5dc108c5e7ef7203aa96dd1334') in 0.015433 seconds
Number of updated asset objects reloaded before import = 0
Number of asset objects unloaded after import = 10
========================================================================
Received Import Request.
  Time since last request: 0.000012 seconds.
  path: Assets/LowPolyDungeons/Prefabs/Dungeon/StairsPart_09.prefab
  artifactKey: Guid(5bc623d839a5b6a41941ef12879276dd) Importer(815301076,1909f56bfc062723c751e8b465ee728b)
Start importing Assets/LowPolyDungeons/Prefabs/Dungeon/StairsPart_09.prefab using Guid(5bc623d839a5b6a41941ef12879276dd) Importer(815301076,1909f56bfc062723c751e8b465ee728b)  -> (artifact id: 'ee8656fd2bb58356d6d98b18888d0d68') in 0.045539 seconds
Number of updated asset objects reloaded before import = 0
Number of asset objects unloaded after import = 10
========================================================================
Received Import Request.
  Time since last request: 0.000014 seconds.
  path: Assets/LowPolyDungeons/Prefabs/Dungeon/StairsPart_03.prefab
  artifactKey: Guid(b5242ec25ee5af648bb18b4d84c2e243) Importer(815301076,1909f56bfc062723c751e8b465ee728b)
Start importing Assets/LowPolyDungeons/Prefabs/Dungeon/StairsPart_03.prefab using Guid(b5242ec25ee5af648bb18b4d84c2e243) Importer(815301076,1909f56bfc062723c751e8b465ee728b)  -> (artifact id: '44640ae43b0ce2e7b7e997a458083690') in 0.014063 seconds
Number of updated asset objects reloaded before import = 0
Number of asset objects unloaded after import = 10
========================================================================
Received Import Request.
  Time since last request: 0.000014 seconds.
  path: Assets/LowPolyDungeons/Prefabs/Dungeon/StairsPart_05.prefab
  artifactKey: Guid(285d342abd126a04fb875f10eb3c4afe) Importer(815301076,1909f56bfc062723c751e8b465ee728b)
Start importing Assets/LowPolyDungeons/Prefabs/Dungeon/StairsPart_05.prefab using Guid(285d342abd126a04fb875f10eb3c4afe) Importer(815301076,1909f56bfc062723c751e8b465ee728b)  -> (artifact id: '3c749428d9bfd94514f47c7358f46558') in 0.017576 seconds
Number of updated asset objects reloaded before import = 0
Number of asset objects unloaded after import = 10
========================================================================
Received Import Request.
  Time since last request: 0.000014 seconds.
  path: Assets/LowPolyDungeons/Prefabs/Dungeon/Wall_04.prefab
  artifactKey: Guid(2d377aacaacf9784b87a8fbe179b4389) Importer(815301076,1909f56bfc062723c751e8b465ee728b)
Start importing Assets/LowPolyDungeons/Prefabs/Dungeon/Wall_04.prefab using Guid(2d377aacaacf9784b87a8fbe179b4389) Importer(815301076,1909f56bfc062723c751e8b465ee728b)  -> (artifact id: 'd74a898ce2e070b0f6501ef952df1e51') in 0.019993 seconds
Number of updated asset objects reloaded before import = 0
Number of asset objects unloaded after import = 11
========================================================================
Received Import Request.
  Time since last request: 0.000025 seconds.
  path: Assets/LowPolyDungeons/Prefabs/Dungeon/Tile_02.prefab
  artifactKey: Guid(ef149b86993e06f45bb54c28e4b05d54) Importer(815301076,1909f56bfc062723c751e8b465ee728b)
Start importing Assets/LowPolyDungeons/Prefabs/Dungeon/Tile_02.prefab using Guid(ef149b86993e06f45bb54c28e4b05d54) Importer(815301076,1909f56bfc062723c751e8b465ee728b)  -> (artifact id: '966d717fccf4b7b3b581aacda6470a19') in 0.013217 seconds
Number of updated asset objects reloaded before import = 0
Number of asset objects unloaded after import = 10
========================================================================
Received Import Request.
  Time since last request: 0.000012 seconds.
  path: Assets/LowPolyDungeons/Prefabs/Dungeon/Tile_04.prefab
  artifactKey: Guid(51d27d240c0214d4fb8e2eaadc3e8efe) Importer(815301076,1909f56bfc062723c751e8b465ee728b)
Start importing Assets/LowPolyDungeons/Prefabs/Dungeon/Tile_04.prefab using Guid(51d27d240c0214d4fb8e2eaadc3e8efe) Importer(815301076,1909f56bfc062723c751e8b465ee728b)  -> (artifact id: 'f2899b5ffda64474c10b37d181fec0fc') in 0.013560 seconds
Number of updated asset objects reloaded before import = 0
Number of asset objects unloaded after import = 10
========================================================================
Received Import Request.
  Time since last request: 3.444293 seconds.
  path: Assets/LowPolyDungeons/Prefabs/Dungeon/Wall_05.prefab
  artifactKey: Guid(5f9b1450e1be9bc4f89df242c0d2b53f) Importer(815301076,1909f56bfc062723c751e8b465ee728b)
Start importing Assets/LowPolyDungeons/Prefabs/Dungeon/Wall_05.prefab using Guid(5f9b1450e1be9bc4f89df242c0d2b53f) Importer(815301076,1909f56bfc062723c751e8b465ee728b)  -> (artifact id: '3c9c7d8140e3b5222b2cc7b1e0ccf639') in 0.039852 seconds
Number of updated asset objects reloaded before import = 0
Number of asset objects unloaded after import = 10
========================================================================
Received Import Request.
  Time since last request: 0.000012 seconds.
  path: Assets/LowPolyDungeons/Prefabs/Dungeon/Wall_09_Door_01.prefab
  artifactKey: Guid(81b76af0503adc246b3bbb53da35a6e7) Importer(815301076,1909f56bfc062723c751e8b465ee728b)
Start importing Assets/LowPolyDungeons/Prefabs/Dungeon/Wall_09_Door_01.prefab using Guid(81b76af0503adc246b3bbb53da35a6e7) Importer(815301076,1909f56bfc062723c751e8b465ee728b)  -> (artifact id: 'b484fb86ffb19ae3f34ee9287757c910') in 0.030256 seconds
Number of updated asset objects reloaded before import = 0
Number of asset objects unloaded after import = 70
========================================================================
Received Import Request.
  Time since last request: 0.000012 seconds.
  path: Assets/LowPolyDungeons/Prefabs/Dungeon/Wall_07_Door_02.prefab
  artifactKey: Guid(346d408901667814990ddce35159ba00) Importer(815301076,1909f56bfc062723c751e8b465ee728b)
Start importing Assets/LowPolyDungeons/Prefabs/Dungeon/Wall_07_Door_02.prefab using Guid(346d408901667814990ddce35159ba00) Importer(815301076,1909f56bfc062723c751e8b465ee728b)  -> (artifact id: '0feeebecbeaf52a5a0bddd678b786790') in 0.048905 seconds
Number of updated asset objects reloaded before import = 0
Number of asset objects unloaded after import = 70
========================================================================
Received Import Request.
  Time since last request: 0.000013 seconds.
  path: Assets/LowPolyDungeons/Prefabs/Dungeon/Wall_09.prefab
  artifactKey: Guid(7dd5e1c856d5b444f9b8714b4ec60400) Importer(815301076,1909f56bfc062723c751e8b465ee728b)
Start importing Assets/LowPolyDungeons/Prefabs/Dungeon/Wall_09.prefab using Guid(7dd5e1c856d5b444f9b8714b4ec60400) Importer(815301076,1909f56bfc062723c751e8b465ee728b)  -> (artifact id: 'c61815b0a740731ac64740bcca1030dd') in 0.049190 seconds
Number of updated asset objects reloaded before import = 0
Number of asset objects unloaded after import = 10
========================================================================
Received Import Request.
  Time since last request: 0.013374 seconds.
  path: Assets/LowPolyDungeons/Prefabs/Dungeon/Wall_09_Door_02.prefab
  artifactKey: Guid(6810a73d68345b44499b8c45b4436c2f) Importer(815301076,1909f56bfc062723c751e8b465ee728b)
Start importing Assets/LowPolyDungeons/Prefabs/Dungeon/Wall_09_Door_02.prefab using Guid(6810a73d68345b44499b8c45b4436c2f) Importer(815301076,1909f56bfc062723c751e8b465ee728b)  -> (artifact id: '8f4b37350a1581fa20366f796016d90d') in 0.055883 seconds
Number of updated asset objects reloaded before import = 0
Number of asset objects unloaded after import = 70
========================================================================
Received Import Request.
  Time since last request: 0.000016 seconds.
  path: Assets/LowPolyDungeons/Prefabs/Dungeon/Wall_11.prefab
  artifactKey: Guid(0663a9044356b70439758b54fb9f4b34) Importer(815301076,1909f56bfc062723c751e8b465ee728b)
Start importing Assets/LowPolyDungeons/Prefabs/Dungeon/Wall_11.prefab using Guid(0663a9044356b70439758b54fb9f4b34) Importer(815301076,1909f56bfc062723c751e8b465ee728b)  -> (artifact id: 'ec590d1a8bc9c53e56a5dac1213355c9') in 0.037003 seconds
Number of updated asset objects reloaded before import = 0
Number of asset objects unloaded after import = 10
========================================================================
Received Import Request.
  Time since last request: 0.000022 seconds.
  path: Assets/LowPolyDungeons/Prefabs/Dungeon/Wall_13.prefab
  artifactKey: Guid(c65ebbd459d16024790b3532db505237) Importer(815301076,1909f56bfc062723c751e8b465ee728b)
Start importing Assets/LowPolyDungeons/Prefabs/Dungeon/Wall_13.prefab using Guid(c65ebbd459d16024790b3532db505237) Importer(815301076,1909f56bfc062723c751e8b465ee728b)  -> (artifact id: 'deed9eb2d3501fe1ea31637a1684000f') in 0.043798 seconds
Number of updated asset objects reloaded before import = 0
Number of asset objects unloaded after import = 10
========================================================================
Received Import Request.
  Time since last request: 0.033691 seconds.
  path: Assets/LowPolyDungeons/Prefabs/Dungeon/Wall_14.prefab
  artifactKey: Guid(5c9c4124d72f4794da50c15ca40dd2ac) Importer(815301076,1909f56bfc062723c751e8b465ee728b)
Start importing Assets/LowPolyDungeons/Prefabs/Dungeon/Wall_14.prefab using Guid(5c9c4124d72f4794da50c15ca40dd2ac) Importer(815301076,1909f56bfc062723c751e8b465ee728b)  -> (artifact id: '8a48f5f49dbfee139a4d0efbc8572a5e') in 0.012045 seconds
Number of updated asset objects reloaded before import = 0
Number of asset objects unloaded after import = 10
========================================================================
Received Import Request.
  Time since last request: 0.000013 seconds.
  path: Assets/LowPolyDungeons/Prefabs/Dungeon/Wall_22.prefab
  artifactKey: Guid(0f3e15f4e5e2ca1419941e1d493dfd31) Importer(815301076,1909f56bfc062723c751e8b465ee728b)
Start importing Assets/LowPolyDungeons/Prefabs/Dungeon/Wall_22.prefab using Guid(0f3e15f4e5e2ca1419941e1d493dfd31) Importer(815301076,1909f56bfc062723c751e8b465ee728b)  -> (artifact id: '94e4add1287e2d535029122e2c5a11cf') in 0.011255 seconds
Number of updated asset objects reloaded before import = 0
Number of asset objects unloaded after import = 10
========================================================================
Received Import Request.
  Time since last request: 0.000011 seconds.
  path: Assets/LowPolyDungeons/Prefabs/Dungeon/Wall_18.prefab
  artifactKey: Guid(da9f91ce14a50c445aa96c7978f24bf3) Importer(815301076,1909f56bfc062723c751e8b465ee728b)
Start importing Assets/LowPolyDungeons/Prefabs/Dungeon/Wall_18.prefab using Guid(da9f91ce14a50c445aa96c7978f24bf3) Importer(815301076,1909f56bfc062723c751e8b465ee728b)  -> (artifact id: '4aedfe981330959667cbf2f3cf56e979') in 0.011797 seconds
Number of updated asset objects reloaded before import = 0
Number of asset objects unloaded after import = 10
========================================================================
Received Import Request.
  Time since last request: 0.000012 seconds.
  path: Assets/LowPolyDungeons/Prefabs/Dungeon/Wall_19.prefab
  artifactKey: Guid(c41528196afba3647a873f405477ea14) Importer(815301076,1909f56bfc062723c751e8b465ee728b)
Start importing Assets/LowPolyDungeons/Prefabs/Dungeon/Wall_19.prefab using Guid(c41528196afba3647a873f405477ea14) Importer(815301076,1909f56bfc062723c751e8b465ee728b)  -> (artifact id: 'f75e79412a72e7ed506a857a3c5f0f41') in 0.011952 seconds
Number of updated asset objects reloaded before import = 0
Number of asset objects unloaded after import = 10
========================================================================
Received Import Request.
  Time since last request: 0.493078 seconds.
  path: Assets/LowPolyDungeons/Prefabs/Dungeon/Wall_24.prefab
  artifactKey: Guid(5f3ac93e10ff59b4d80406202225c4d9) Importer(815301076,1909f56bfc062723c751e8b465ee728b)
Start importing Assets/LowPolyDungeons/Prefabs/Dungeon/Wall_24.prefab using Guid(5f3ac93e10ff59b4d80406202225c4d9) Importer(815301076,1909f56bfc062723c751e8b465ee728b)  -> (artifact id: '3c5dfeb727d432d9ee45b883dec5a28f') in 0.057555 seconds
Number of updated asset objects reloaded before import = 0
Number of asset objects unloaded after import = 10
========================================================================
Received Import Request.
  Time since last request: 0.000014 seconds.
  path: Assets/LowPolyDungeons/Prefabs/Dungeon/WallPart_02.prefab
  artifactKey: Guid(dc91d64e01b35e04fa505c980aa76d03) Importer(815301076,1909f56bfc062723c751e8b465ee728b)
Start importing Assets/LowPolyDungeons/Prefabs/Dungeon/WallPart_02.prefab using Guid(dc91d64e01b35e04fa505c980aa76d03) Importer(815301076,1909f56bfc062723c751e8b465ee728b)  -> (artifact id: '720e8742220815feeeb73e16f6d2a303') in 0.011676 seconds
Number of updated asset objects reloaded before import = 0
Number of asset objects unloaded after import = 10
========================================================================
Received Import Request.
  Time since last request: 0.000014 seconds.
  path: Assets/LowPolyDungeons/Prefabs/Dungeon/WallPart_01.prefab
  artifactKey: Guid(d5660faf22c82dc4d876cd407312d62d) Importer(815301076,1909f56bfc062723c751e8b465ee728b)
Start importing Assets/LowPolyDungeons/Prefabs/Dungeon/WallPart_01.prefab using Guid(d5660faf22c82dc4d876cd407312d62d) Importer(815301076,1909f56bfc062723c751e8b465ee728b)  -> (artifact id: 'f3e4fe269d38956a98a6ed043788012b') in 0.011436 seconds
Number of updated asset objects reloaded before import = 0
Number of asset objects unloaded after import = 10
========================================================================
Received Import Request.
  Time since last request: 0.000018 seconds.
  path: Assets/LowPolyDungeons/Prefabs/Dungeon/Wood_01.prefab
  artifactKey: Guid(f2941b6f67a61fc439d8cf8bd2c57a91) Importer(815301076,1909f56bfc062723c751e8b465ee728b)
Start importing Assets/LowPolyDungeons/Prefabs/Dungeon/Wood_01.prefab using Guid(f2941b6f67a61fc439d8cf8bd2c57a91) Importer(815301076,1909f56bfc062723c751e8b465ee728b)  -> (artifact id: 'f593bf2f995cb6c3b11fc2753675548b') in 0.012800 seconds
Number of updated asset objects reloaded before import = 0
Number of asset objects unloaded after import = 10
========================================================================
Received Import Request.
  Time since last request: 0.000012 seconds.
  path: Assets/LowPolyDungeons/Prefabs/Dungeon/Wood_03.prefab
  artifactKey: Guid(b5d7e82e01a181641bff74ac2f1faa70) Importer(815301076,1909f56bfc062723c751e8b465ee728b)
Start importing Assets/LowPolyDungeons/Prefabs/Dungeon/Wood_03.prefab using Guid(b5d7e82e01a181641bff74ac2f1faa70) Importer(815301076,1909f56bfc062723c751e8b465ee728b)  -> (artifact id: '4a3e658c3f1416391f2220e84573099b') in 0.011532 seconds
Number of updated asset objects reloaded before import = 0
Number of asset objects unloaded after import = 10
========================================================================
Received Import Request.
  Time since last request: 0.000015 seconds.
  path: Assets/LowPolyDungeons/Prefabs/Dungeon/Wood_04.prefab
  artifactKey: Guid(ba4dfa359602b8642bada26a3a14e439) Importer(815301076,1909f56bfc062723c751e8b465ee728b)
Start importing Assets/LowPolyDungeons/Prefabs/Dungeon/Wood_04.prefab using Guid(ba4dfa359602b8642bada26a3a14e439) Importer(815301076,1909f56bfc062723c751e8b465ee728b)  -> (artifact id: 'aac088dea412f3675daed851226d965f') in 0.012811 seconds
Number of updated asset objects reloaded before import = 0
Number of asset objects unloaded after import = 10
========================================================================
Received Import Request.
  Time since last request: 0.000012 seconds.
  path: Assets/LowPolyDungeons/Prefabs/Dungeon/Wall_33.prefab
  artifactKey: Guid(2d18da8e86b86de4ea4aff51311c400b) Importer(815301076,1909f56bfc062723c751e8b465ee728b)
Start importing Assets/LowPolyDungeons/Prefabs/Dungeon/Wall_33.prefab using Guid(2d18da8e86b86de4ea4aff51311c400b) Importer(815301076,1909f56bfc062723c751e8b465ee728b)  -> (artifact id: '1444980b492935a96a852c17eede2909') in 0.010564 seconds
Number of updated asset objects reloaded before import = 0
Number of asset objects unloaded after import = 10
Editor requested this worker to shutdown with reason: Scaling down because of idle timeout
TcpMessagingSession - receive error: operation aborted. errorcode: 995, details: La operacin de E/S se anul por una salida de subproceso o por una solicitud de aplicacin.
AssetImportWorker is now disconnected from the server
Process exiting
Exiting without the bug reporter. Application will terminate with return code 0